#
# There is insufficient memory for the Java Runtime Environment to continue.
# Native memory allocation (mmap) failed to map 65536 bytes for Failed to commit metaspace.
# Possible reasons:
#   The system is out of physical RAM or swap space
#   The process is running with CompressedOops enabled, and the Java Heap may be blocking the growth of the native heap
# Possible solutions:
#   Reduce memory load on the system
#   Increase physical memory or swap space
#   Check if swap backing store is full
#   Decrease Java heap size (-Xmx/-Xms)
#   Decrease number of Java threads
#   Decrease Java thread stack sizes (-Xss)
#   Set larger code cache with -XX:ReservedCodeCacheSize=
#   JVM is running with Zero Based Compressed Oops mode in which the Java heap is
#     placed in the first 32GB address space. The Java Heap base address is the
#     maximum limit for the native heap growth. Please use -XX:HeapBaseMinAddress
#     to set the Java Heap base and to place the Java Heap above 32GB virtual address.
# This output file may be truncated or incomplete.
#
#  Out of Memory Error (virtualSpaceNode.cpp:110), pid=7484, tid=6200
#
# JRE version: Java(TM) SE Runtime Environment (17.0.7+8) (build 17.0.7+8-LTS-224)
# Java VM: Java HotSpot(TM) 64-Bit Server VM (17.0.7+8-LTS-224, mixed mode, sharing, tiered, compressed oops, compressed class ptrs, g1 gc, windows-amd64)
# No core dump will be written. Minidumps are not enabled by default on client versions of Windows
#

---------------  S U M M A R Y ------------

Command Line: -javaagent:D:\IntelliJ IDEA Community Edition 2022.3.1\lib\idea_rt.jar=54173:D:\IntelliJ IDEA Community Edition 2022.3.1\bin -Dfile.encoding=UTF-8 com.flutter.project_flutter.ProjectFlutterApplication

Host: AMD Ryzen 3 3200U with Radeon Vega Mobile Gfx  , 3 cores, 9G,  Windows 11 , 64 bit Build 22621 (10.0.22621.2506)
Time: Tue Jan  2 21:51:50 2024 Paris, Madrid elapsed time: 46.629523 seconds (0d 0h 0m 46s)

---------------  T H R E A D  ---------------

Current thread (0x000001e1c66c8d00):  JavaThread "http-nio-8080-exec-1" daemon [_thread_in_vm, id=6200, stack(0x000000a10eb00000,0x000000a10ec00000)]

Stack: [0x000000a10eb00000,0x000000a10ec00000]
Native frames: (J=compiled Java code, j=interpreted, Vv=VM code, C=native code)
V  [jvm.dll+0x676a4a]
V  [jvm.dll+0x7d74f4]
V  [jvm.dll+0x7d8c9e]
V  [jvm.dll+0x7d9303]
V  [jvm.dll+0x2452c5]
V  [jvm.dll+0x7d35fb]
V  [jvm.dll+0x61ca36]
V  [jvm.dll+0x1bfbf7]
V  [jvm.dll+0x61f390]
V  [jvm.dll+0x61d3f6]
V  [jvm.dll+0x6270f7]
V  [jvm.dll+0x1e96ad]
V  [jvm.dll+0x1e9c75]
V  [jvm.dll+0x1ea5bb]
V  [jvm.dll+0x1dfdc1]
V  [jvm.dll+0x53cf0c]
V  [jvm.dll+0x752158]
V  [jvm.dll+0x752244]
V  [jvm.dll+0x40b12f]
V  [jvm.dll+0x411149]
C  [java.dll+0x17ec]

Java frames: (J=compiled Java code, j=interpreted, Vv=VM code)
J 1066  java.lang.ClassLoader.defineClass1(Ljava/lang/ClassLoader;Ljava/lang/String;[BIILjava/security/ProtectionDomain;Ljava/lang/String;)Ljava/lang/Class; java.base@17.0.7 (0 bytes) @ 0x000001e1b1ea2963 [0x000001e1b1ea28a0+0x00000000000000c3]
J 994 c1 java.lang.ClassLoader.defineClass(Ljava/lang/String;[BIILjava/security/ProtectionDomain;)Ljava/lang/Class; java.base@17.0.7 (43 bytes) @ 0x000001e1aa54995c [0x000001e1aa549600+0x000000000000035c]
J 1056 c1 java.security.SecureClassLoader.defineClass(Ljava/lang/String;[BIILjava/security/CodeSource;)Ljava/lang/Class; java.base@17.0.7 (16 bytes) @ 0x000001e1aa565f0c [0x000001e1aa565e40+0x00000000000000cc]
J 4246 c2 jdk.internal.loader.BuiltinClassLoader.defineClass(Ljava/lang/String;Ljdk/internal/loader/Resource;)Ljava/lang/Class; java.base@17.0.7 (121 bytes) @ 0x000001e1b201389c [0x000001e1b2012920+0x0000000000000f7c]
J 4665 c2 jdk.internal.loader.BuiltinClassLoader.findClassOnClassPathOrNull(Ljava/lang/String;)Ljava/lang/Class; java.base@17.0.7 (64 bytes) @ 0x000001e1b2070e44 [0x000001e1b2070880+0x00000000000005c4]
J 6580 c1 jdk.internal.loader.BuiltinClassLoader.loadClassOrNull(Ljava/lang/String;Z)Ljava/lang/Class; java.base@17.0.7 (143 bytes) @ 0x000001e1aa59dfc4 [0x000001e1aa59d0c0+0x0000000000000f04]
J 4245 c2 jdk.internal.loader.ClassLoaders$AppClassLoader.loadClass(Ljava/lang/String;Z)Ljava/lang/Class; java.base@17.0.7 (40 bytes) @ 0x000001e1b20119ec [0x000001e1b20119a0+0x000000000000004c]
J 4658 c2 java.lang.ClassLoader.loadClass(Ljava/lang/String;)Ljava/lang/Class; java.base@17.0.7 (7 bytes) @ 0x000001e1b2068840 [0x000001e1b2068800+0x0000000000000040]
v  ~StubRoutines::call_stub
j  org.apache.catalina.connector.Connector.createRequest()Lorg/apache/catalina/connector/Request;+0
j  org.apache.catalina.connector.CoyoteAdapter.service(Lorg/apache/coyote/Request;Lorg/apache/coyote/Response;)V+27
j  org.apache.coyote.http11.Http11Processor.service(Lorg/apache/tomcat/util/net/SocketWrapperBase;)Lorg/apache/tomcat/util/net/AbstractEndpoint$Handler$SocketState;+795
j  org.apache.coyote.AbstractProcessorLight.process(Lorg/apache/tomcat/util/net/SocketWrapperBase;Lorg/apache/tomcat/util/net/SocketEvent;)Lorg/apache/tomcat/util/net/AbstractEndpoint$Handler$SocketState;+152
j  org.apache.coyote.AbstractProtocol$ConnectionHandler.process(Lorg/apache/tomcat/util/net/SocketWrapperBase;Lorg/apache/tomcat/util/net/SocketEvent;)Lorg/apache/tomcat/util/net/AbstractEndpoint$Handler$SocketState;+482
j  org.apache.tomcat.util.net.NioEndpoint$SocketProcessor.doRun()V+249
j  org.apache.tomcat.util.net.SocketProcessorBase.run()V+32
j  org.apache.tomcat.util.threads.ThreadPoolExecutor.runWorker(Lorg/apache/tomcat/util/threads/ThreadPoolExecutor$Worker;)V+92
j  org.apache.tomcat.util.threads.ThreadPoolExecutor$Worker.run()V+5
j  org.apache.tomcat.util.threads.TaskThread$WrappingRunnable.run()V+4
j  java.lang.Thread.run()V+11 java.base@17.0.7
v  ~StubRoutines::call_stub

---------------  P R O C E S S  ---------------

Threads class SMR info:
_java_thread_list=0x000001e1c55d17a0, length=32, elements={
0x000001e1c1488f20, 0x000001e1c148ada0, 0x000001e1c149a510, 0x000001e1c149b0c0,
0x000001e1c149da80, 0x000001e1c149e430, 0x000001e1c14a0120, 0x000001e1c150cd60,
0x000001e1c150fb10, 0x000001e1c152e930, 0x000001e1c23fe7f0, 0x000001e1c22bce60,
0x000001e1c3b58180, 0x000001e1c5c68890, 0x000001e1c5855ee0, 0x000001e1c5855a10,
0x000001e1c58563b0, 0x000001e1c5855070, 0x000001e1c66ca040, 0x000001e1c66c8d00,
0x000001e1c66cded0, 0x000001e1c66c91d0, 0x000001e1c66c8830, 0x000001e1c66cda00,
0x000001e1c66c96a0, 0x000001e1c66ce3a0, 0x000001e1c66cb380, 0x000001e1c66ce870,
0x000001e1c66cd060, 0x000001e1c66caeb0, 0x000001e1c66ced40, 0x000001e1c66c9b70
}

Java Threads: ( => current thread )
  0x000001e1c1488f20 JavaThread "Reference Handler" daemon [_thread_blocked, id=16232, stack(0x000000a10d300000,0x000000a10d400000)]
  0x000001e1c148ada0 JavaThread "Finalizer" daemon [_thread_blocked, id=16560, stack(0x000000a10d400000,0x000000a10d500000)]
  0x000001e1c149a510 JavaThread "Signal Dispatcher" daemon [_thread_blocked, id=11188, stack(0x000000a10d500000,0x000000a10d600000)]
  0x000001e1c149b0c0 JavaThread "Attach Listener" daemon [_thread_blocked, id=16704, stack(0x000000a10d600000,0x000000a10d700000)]
  0x000001e1c149da80 JavaThread "Service Thread" daemon [_thread_blocked, id=15152, stack(0x000000a10d700000,0x000000a10d800000)]
  0x000001e1c149e430 JavaThread "Monitor Deflation Thread" daemon [_thread_blocked, id=6888, stack(0x000000a10d800000,0x000000a10d900000)]
  0x000001e1c14a0120 JavaThread "C2 CompilerThread0" daemon [_thread_in_native, id=7408, stack(0x000000a10d900000,0x000000a10da00000)]
  0x000001e1c150cd60 JavaThread "C1 CompilerThread0" daemon [_thread_blocked, id=14676, stack(0x000000a10da00000,0x000000a10db00000)]
  0x000001e1c150fb10 JavaThread "Sweeper thread" daemon [_thread_blocked, id=948, stack(0x000000a10db00000,0x000000a10dc00000)]
  0x000001e1c152e930 JavaThread "Common-Cleaner" daemon [_thread_blocked, id=15908, stack(0x000000a10dc00000,0x000000a10dd00000)]
  0x000001e1c23fe7f0 JavaThread "Monitor Ctrl-Break" daemon [_thread_in_native, id=2040, stack(0x000000a10dd00000,0x000000a10de00000)]
  0x000001e1c22bce60 JavaThread "Notification Thread" daemon [_thread_blocked, id=9340, stack(0x000000a10de00000,0x000000a10df00000)]
  0x000001e1c3b58180 JavaThread "mysql-cj-abandoned-connection-cleanup" daemon [_thread_blocked, id=48, stack(0x000000a10e500000,0x000000a10e600000)]
  0x000001e1c5c68890 JavaThread "HikariPool-1 housekeeper" daemon [_thread_blocked, id=6460, stack(0x000000a10e600000,0x000000a10e700000)]
  0x000001e1c5855ee0 JavaThread "Catalina-utility-1" [_thread_blocked, id=14540, stack(0x000000a10e700000,0x000000a10e800000)]
  0x000001e1c5855a10 JavaThread "Catalina-utility-2" [_thread_blocked, id=9336, stack(0x000000a10e800000,0x000000a10e900000)]
  0x000001e1c58563b0 JavaThread "container-0" [_thread_blocked, id=16852, stack(0x000000a10e900000,0x000000a10ea00000)]
  0x000001e1c5855070 JavaThread "File Watcher" daemon [_thread_blocked, id=6232, stack(0x000000a10ea00000,0x000000a10eb00000)]
  0x000001e1c66ca040 JavaThread "Live Reload Server" daemon [_thread_in_native, id=16536, stack(0x000000a10ec00000,0x000000a10ed00000)]
=>0x000001e1c66c8d00 JavaThread "http-nio-8080-exec-1" daemon [_thread_in_vm, id=6200, stack(0x000000a10eb00000,0x000000a10ec00000)]
  0x000001e1c66cded0 JavaThread "http-nio-8080-exec-2" daemon [_thread_blocked, id=5868, stack(0x000000a10ed00000,0x000000a10ee00000)]
  0x000001e1c66c91d0 JavaThread "http-nio-8080-exec-3" daemon [_thread_blocked, id=10732, stack(0x000000a10ee00000,0x000000a10ef00000)]
  0x000001e1c66c8830 JavaThread "http-nio-8080-exec-4" daemon [_thread_blocked, id=10912, stack(0x000000a10ef00000,0x000000a10f000000)]
  0x000001e1c66cda00 JavaThread "http-nio-8080-exec-5" daemon [_thread_blocked, id=13204, stack(0x000000a10f000000,0x000000a10f100000)]
  0x000001e1c66c96a0 JavaThread "http-nio-8080-exec-6" daemon [_thread_blocked, id=4680, stack(0x000000a10f100000,0x000000a10f200000)]
  0x000001e1c66ce3a0 JavaThread "http-nio-8080-exec-7" daemon [_thread_blocked, id=12644, stack(0x000000a10f200000,0x000000a10f300000)]
  0x000001e1c66cb380 JavaThread "http-nio-8080-exec-8" daemon [_thread_blocked, id=16688, stack(0x000000a10f300000,0x000000a10f400000)]
  0x000001e1c66ce870 JavaThread "http-nio-8080-exec-9" daemon [_thread_blocked, id=11104, stack(0x000000a10f400000,0x000000a10f500000)]
  0x000001e1c66cd060 JavaThread "http-nio-8080-exec-10" daemon [_thread_blocked, id=7564, stack(0x000000a10f500000,0x000000a10f600000)]
  0x000001e1c66caeb0 JavaThread "http-nio-8080-Poller" daemon [_thread_in_native, id=12868, stack(0x000000a10f600000,0x000000a10f700000)]
  0x000001e1c66ced40 JavaThread "http-nio-8080-Acceptor" daemon [_thread_in_native, id=9380, stack(0x000000a10f700000,0x000000a10f800000)]
  0x000001e1c66c9b70 JavaThread "DestroyJavaVM" [_thread_blocked, id=15472, stack(0x000000a10cb00000,0x000000a10cc00000)]

Other Threads:
  0x000001e1c1482b80 VMThread "VM Thread" [stack: 0x000000a10d200000,0x000000a10d300000] [id=14120]
  0x000001e1c2470170 WatcherThread [stack: 0x000000a10df00000,0x000000a10e000000] [id=6284]
  0x000001e1a2b5a2d0 GCTaskThread "GC Thread#0" [stack: 0x000000a10cd00000,0x000000a10ce00000] [id=6552]
  0x000001e1c22bc030 GCTaskThread "GC Thread#1" [stack: 0x000000a10e100000,0x000000a10e200000] [id=8596]
  0x000001e1c212e1b0 GCTaskThread "GC Thread#2" [stack: 0x000000a10e200000,0x000000a10e300000] [id=10324]
  0x000001e1a2b65120 ConcurrentGCThread "G1 Main Marker" [stack: 0x000000a10ce00000,0x000000a10cf00000] [id=13916]
  0x000001e1a2b66b40 ConcurrentGCThread "G1 Conc#0" [stack: 0x000000a10cf00000,0x000000a10d000000] [id=10648]
  0x000001e1c1350490 ConcurrentGCThread "G1 Refine#0" [stack: 0x000000a10d000000,0x000000a10d100000] [id=13904]
  0x000001e1c376ee00 ConcurrentGCThread "G1 Refine#1" [stack: 0x000000a10e400000,0x000000a10e500000] [id=520]
  0x000001e1c1350cc0 ConcurrentGCThread "G1 Service" [stack: 0x000000a10d100000,0x000000a10d200000] [id=9032]

Threads with active compile tasks:
C2 CompilerThread0    46722 6839   !   4       java.net.URL::<init> (543 bytes)

VM state: not at safepoint (normal execution)

VM Mutex/Monitor currently owned by a thread:  ([mutex/lock_event])
[0x000001e1a2b05150] Metaspace_lock - owner thread: 0x000001e1c66c8d00

Heap address: 0x0000000760e00000, size: 2546 MB, Compressed Oops mode: Zero based, Oop shift amount: 3

CDS archive(s) mapped at: [0x0000000800000000-0x0000000800bd0000-0x0000000800bd0000), size 12386304, SharedBaseAddress: 0x0000000800000000, ArchiveRelocationMode: 0.
Compressed class space mapped at: 0x0000000800c00000-0x0000000840c00000, reserved size: 1073741824
Narrow klass base: 0x0000000800000000, Narrow klass shift: 0, Narrow klass range: 0x100000000

GC Precious Log:
 CPUs: 3 total, 3 available
 Memory: 10178M
 Large Page Support: Disabled
 NUMA Support: Disabled
 Compressed Oops: Enabled (Zero based)
 Heap Region Size: 2M
 Heap Min Capacity: 8M
 Heap Initial Capacity: 160M
 Heap Max Capacity: 2546M
 Pre-touch: Disabled
 Parallel Workers: 3
 Concurrent Workers: 1
 Concurrent Refinement Workers: 3
 Periodic GC: Disabled

Heap:
 garbage-first heap   total 233472K, used 108489K [0x0000000760e00000, 0x0000000800000000)
  region size 2048K, 26 young (53248K), 2 survivors (4096K)
 Metaspace       used 71241K, committed 71744K, reserved 1114112K
  class space    used 9682K, committed 9920K, reserved 1048576K

Heap Regions: E=young(eden), S=young(survivor), O=old, HS=humongous(starts), HC=humongous(continues), CS=collection set, F=free, OA=open archive, CA=closed archive, TAMS=top-at-mark-start (previous, next)
|   0|0x0000000760e00000, 0x0000000761000000, 0x0000000761000000|100%| O|  |TAMS 0x0000000761000000, 0x0000000760e00000| Untracked 
|   1|0x0000000761000000, 0x0000000761200000, 0x0000000761200000|100%| O|  |TAMS 0x0000000761200000, 0x0000000761000000| Untracked 
|   2|0x0000000761200000, 0x0000000761400000, 0x0000000761400000|100%| O|  |TAMS 0x0000000761400000, 0x0000000761200000| Untracked 
|   3|0x0000000761400000, 0x0000000761508800, 0x0000000761600000| 51%| O|  |TAMS 0x0000000761508800, 0x0000000761400000| Untracked 
|   4|0x0000000761600000, 0x0000000761800000, 0x0000000761800000|100%| O|  |TAMS 0x0000000761800000, 0x0000000761600000| Untracked 
|   5|0x0000000761800000, 0x0000000761a00000, 0x0000000761a00000|100%| O|  |TAMS 0x0000000761a00000, 0x0000000761800000| Untracked 
|   6|0x0000000761a00000, 0x0000000761c00000, 0x0000000761c00000|100%| O|  |TAMS 0x0000000761c00000, 0x0000000761a00000| Untracked 
|   7|0x0000000761c00000, 0x0000000761e00000, 0x0000000761e00000|100%| O|  |TAMS 0x0000000761e00000, 0x0000000761c00000| Untracked 
|   8|0x0000000761e00000, 0x0000000762000000, 0x0000000762000000|100%| O|  |TAMS 0x0000000762000000, 0x0000000761e00000| Untracked 
|   9|0x0000000762000000, 0x0000000762200000, 0x0000000762200000|100%| O|  |TAMS 0x0000000762200000, 0x0000000762000000| Untracked 
|  10|0x0000000762200000, 0x0000000762400000, 0x0000000762400000|100%| O|  |TAMS 0x0000000762400000, 0x0000000762200000| Untracked 
|  11|0x0000000762400000, 0x0000000762600000, 0x0000000762600000|100%| O|  |TAMS 0x0000000762600000, 0x0000000762400000| Untracked 
|  12|0x0000000762600000, 0x0000000762800000, 0x0000000762800000|100%| O|  |TAMS 0x0000000762800000, 0x0000000762600000| Untracked 
|  13|0x0000000762800000, 0x0000000762a00000, 0x0000000762a00000|100%| O|  |TAMS 0x0000000762a00000, 0x0000000762800000| Untracked 
|  14|0x0000000762a00000, 0x0000000762c00000, 0x0000000762c00000|100%| O|  |TAMS 0x0000000762c00000, 0x0000000762a00000| Untracked 
|  15|0x0000000762c00000, 0x0000000762e00000, 0x0000000762e00000|100%| O|  |TAMS 0x0000000762e00000, 0x0000000762c00000| Untracked 
|  16|0x0000000762e00000, 0x0000000762ee9c00, 0x0000000763000000| 45%| O|  |TAMS 0x0000000762e00000, 0x0000000762e00000| Untracked 
|  17|0x0000000763000000, 0x0000000763000000, 0x0000000763200000|  0%| F|  |TAMS 0x0000000763000000, 0x0000000763000000| Untracked 
|  18|0x0000000763200000, 0x0000000763200000, 0x0000000763400000|  0%| F|  |TAMS 0x0000000763200000, 0x0000000763200000| Untracked 
|  19|0x0000000763400000, 0x0000000763600000, 0x0000000763600000|100%| O|  |TAMS 0x0000000763600000, 0x0000000763400000| Complete 
|  20|0x0000000763600000, 0x0000000763600000, 0x0000000763800000|  0%| F|  |TAMS 0x0000000763600000, 0x0000000763600000| Untracked 
|  21|0x0000000763800000, 0x0000000763800000, 0x0000000763a00000|  0%| F|  |TAMS 0x0000000763800000, 0x0000000763800000| Untracked 
|  22|0x0000000763a00000, 0x0000000763c00000, 0x0000000763c00000|100%| O|  |TAMS 0x0000000763c00000, 0x0000000763a00000| Complete 
|  23|0x0000000763c00000, 0x0000000763e00000, 0x0000000763e00000|100%| O|  |TAMS 0x0000000763e00000, 0x0000000763c00000| Complete 
|  24|0x0000000763e00000, 0x0000000764000000, 0x0000000764000000|100%| O|  |TAMS 0x0000000764000000, 0x0000000763e00000| Complete 
|  25|0x0000000764000000, 0x0000000764200000, 0x0000000764200000|100%| O|  |TAMS 0x0000000764200000, 0x0000000764000000| Complete 
|  26|0x0000000764200000, 0x0000000764400000, 0x0000000764400000|100%| O|  |TAMS 0x0000000764400000, 0x0000000764200000| Complete 
|  27|0x0000000764400000, 0x0000000764600000, 0x0000000764600000|100%| O|  |TAMS 0x0000000764600000, 0x0000000764400000| Untracked 
|  28|0x0000000764600000, 0x0000000764800000, 0x0000000764800000|100%| O|  |TAMS 0x0000000764800000, 0x0000000764600000| Untracked 
|  29|0x0000000764800000, 0x0000000764a00000, 0x0000000764a00000|100%| O|  |TAMS 0x0000000764a00000, 0x0000000764800000| Complete 
|  30|0x0000000764a00000, 0x0000000764c00000, 0x0000000764c00000|100%| O|  |TAMS 0x0000000764c00000, 0x0000000764a00000| Untracked 
|  31|0x0000000764c00000, 0x0000000764e00000, 0x0000000764e00000|100%| O|  |TAMS 0x0000000764e00000, 0x0000000764c00000| Untracked 
|  32|0x0000000764e00000, 0x0000000765000000, 0x0000000765000000|100%| O|  |TAMS 0x0000000764e90e00, 0x0000000764e00000| Untracked 
|  33|0x0000000765000000, 0x0000000765000000, 0x0000000765200000|  0%| F|  |TAMS 0x0000000765000000, 0x0000000765000000| Untracked 
|  34|0x0000000765200000, 0x0000000765200000, 0x0000000765400000|  0%| F|  |TAMS 0x0000000765200000, 0x0000000765200000| Untracked 
|  35|0x0000000765400000, 0x0000000765400000, 0x0000000765600000|  0%| F|  |TAMS 0x0000000765400000, 0x0000000765400000| Untracked 
|  36|0x0000000765600000, 0x0000000765600000, 0x0000000765800000|  0%| F|  |TAMS 0x0000000765600000, 0x0000000765600000| Untracked 
|  37|0x0000000765800000, 0x0000000765800000, 0x0000000765a00000|  0%| F|  |TAMS 0x0000000765800000, 0x0000000765800000| Untracked 
|  38|0x0000000765a00000, 0x0000000765a00000, 0x0000000765c00000|  0%| F|  |TAMS 0x0000000765a00000, 0x0000000765a00000| Untracked 
|  39|0x0000000765c00000, 0x0000000765e00000, 0x0000000765e00000|100%| S|CS|TAMS 0x0000000765c00000, 0x0000000765c00000| Complete 
|  40|0x0000000765e00000, 0x0000000766000000, 0x0000000766000000|100%| S|CS|TAMS 0x0000000765e00000, 0x0000000765e00000| Complete 
|  41|0x0000000766000000, 0x0000000766000000, 0x0000000766200000|  0%| F|  |TAMS 0x0000000766000000, 0x0000000766000000| Untracked 
|  42|0x0000000766200000, 0x0000000766200000, 0x0000000766400000|  0%| F|  |TAMS 0x0000000766200000, 0x0000000766200000| Untracked 
|  43|0x0000000766400000, 0x0000000766400000, 0x0000000766600000|  0%| F|  |TAMS 0x0000000766400000, 0x0000000766400000| Untracked 
|  44|0x0000000766600000, 0x0000000766600000, 0x0000000766800000|  0%| F|  |TAMS 0x0000000766600000, 0x0000000766600000| Untracked 
|  45|0x0000000766800000, 0x0000000766800000, 0x0000000766a00000|  0%| F|  |TAMS 0x0000000766800000, 0x0000000766800000| Untracked 
|  46|0x0000000766a00000, 0x0000000766a00000, 0x0000000766c00000|  0%| F|  |TAMS 0x0000000766a00000, 0x0000000766a00000| Untracked 
|  47|0x0000000766c00000, 0x0000000766c00000, 0x0000000766e00000|  0%| F|  |TAMS 0x0000000766c00000, 0x0000000766c00000| Untracked 
|  48|0x0000000766e00000, 0x0000000766e00000, 0x0000000767000000|  0%| F|  |TAMS 0x0000000766e00000, 0x0000000766e00000| Untracked 
|  49|0x0000000767000000, 0x0000000767000000, 0x0000000767200000|  0%| F|  |TAMS 0x0000000767000000, 0x0000000767000000| Untracked 
|  50|0x0000000767200000, 0x0000000767200000, 0x0000000767400000|  0%| F|  |TAMS 0x0000000767200000, 0x0000000767200000| Untracked 
|  51|0x0000000767400000, 0x0000000767400000, 0x0000000767600000|  0%| F|  |TAMS 0x0000000767400000, 0x0000000767400000| Untracked 
|  52|0x0000000767600000, 0x0000000767600000, 0x0000000767800000|  0%| F|  |TAMS 0x0000000767600000, 0x0000000767600000| Untracked 
|  53|0x0000000767800000, 0x0000000767800000, 0x0000000767a00000|  0%| F|  |TAMS 0x0000000767800000, 0x0000000767800000| Untracked 
|  54|0x0000000767a00000, 0x0000000767a00000, 0x0000000767c00000|  0%| F|  |TAMS 0x0000000767a00000, 0x0000000767a00000| Untracked 
|  55|0x0000000767c00000, 0x0000000767c00000, 0x0000000767e00000|  0%| F|  |TAMS 0x0000000767c00000, 0x0000000767c00000| Untracked 
|  56|0x0000000767e00000, 0x0000000767e00000, 0x0000000768000000|  0%| F|  |TAMS 0x0000000767e00000, 0x0000000767e00000| Untracked 
|  57|0x0000000768000000, 0x0000000768000000, 0x0000000768200000|  0%| F|  |TAMS 0x0000000768000000, 0x0000000768000000| Untracked 
|  58|0x0000000768200000, 0x0000000768200000, 0x0000000768400000|  0%| F|  |TAMS 0x0000000768200000, 0x0000000768200000| Untracked 
|  59|0x0000000768400000, 0x0000000768400000, 0x0000000768600000|  0%| F|  |TAMS 0x0000000768400000, 0x0000000768400000| Untracked 
|  60|0x0000000768600000, 0x0000000768600000, 0x0000000768800000|  0%| F|  |TAMS 0x0000000768600000, 0x0000000768600000| Untracked 
|  61|0x0000000768800000, 0x0000000768800000, 0x0000000768a00000|  0%| F|  |TAMS 0x0000000768800000, 0x0000000768800000| Untracked 
|  62|0x0000000768a00000, 0x0000000768a00000, 0x0000000768c00000|  0%| F|  |TAMS 0x0000000768a00000, 0x0000000768a00000| Untracked 
|  63|0x0000000768c00000, 0x0000000768c00000, 0x0000000768e00000|  0%| F|  |TAMS 0x0000000768c00000, 0x0000000768c00000| Untracked 
|  64|0x0000000768e00000, 0x0000000768e00000, 0x0000000769000000|  0%| F|  |TAMS 0x0000000768e00000, 0x0000000768e00000| Untracked 
|  65|0x0000000769000000, 0x0000000769000000, 0x0000000769200000|  0%| F|  |TAMS 0x0000000769000000, 0x0000000769000000| Untracked 
|  66|0x0000000769200000, 0x0000000769200000, 0x0000000769400000|  0%| F|  |TAMS 0x0000000769200000, 0x0000000769200000| Untracked 
|  67|0x0000000769400000, 0x0000000769400000, 0x0000000769600000|  0%| F|  |TAMS 0x0000000769400000, 0x0000000769400000| Untracked 
|  68|0x0000000769600000, 0x0000000769600000, 0x0000000769800000|  0%| F|  |TAMS 0x0000000769600000, 0x0000000769600000| Untracked 
|  69|0x0000000769800000, 0x0000000769800000, 0x0000000769a00000|  0%| F|  |TAMS 0x0000000769800000, 0x0000000769800000| Untracked 
|  70|0x0000000769a00000, 0x0000000769a00000, 0x0000000769c00000|  0%| F|  |TAMS 0x0000000769a00000, 0x0000000769a00000| Untracked 
|  71|0x0000000769c00000, 0x0000000769c00000, 0x0000000769e00000|  0%| F|  |TAMS 0x0000000769c00000, 0x0000000769c00000| Untracked 
|  72|0x0000000769e00000, 0x0000000769e00000, 0x000000076a000000|  0%| F|  |TAMS 0x0000000769e00000, 0x0000000769e00000| Untracked 
|  73|0x000000076a000000, 0x000000076a000000, 0x000000076a200000|  0%| F|  |TAMS 0x000000076a000000, 0x000000076a000000| Untracked 
|  74|0x000000076a200000, 0x000000076a200000, 0x000000076a400000|  0%| F|  |TAMS 0x000000076a200000, 0x000000076a200000| Untracked 
|  75|0x000000076a400000, 0x000000076a400000, 0x000000076a600000|  0%| F|  |TAMS 0x000000076a400000, 0x000000076a400000| Untracked 
|  76|0x000000076a600000, 0x000000076a600000, 0x000000076a800000|  0%| F|  |TAMS 0x000000076a600000, 0x000000076a600000| Untracked 
|  77|0x000000076a800000, 0x000000076a800000, 0x000000076aa00000|  0%| F|  |TAMS 0x000000076a800000, 0x000000076a800000| Untracked 
|  78|0x000000076aa00000, 0x000000076aa00000, 0x000000076ac00000|  0%| F|  |TAMS 0x000000076aa00000, 0x000000076aa00000| Untracked 
|  79|0x000000076ac00000, 0x000000076ac00000, 0x000000076ae00000|  0%| F|  |TAMS 0x000000076ac00000, 0x000000076ac00000| Untracked 
|  80|0x000000076ae00000, 0x000000076ae00000, 0x000000076b000000|  0%| F|  |TAMS 0x000000076ae00000, 0x000000076ae00000| Untracked 
|  81|0x000000076b000000, 0x000000076b000000, 0x000000076b200000|  0%| F|  |TAMS 0x000000076b000000, 0x000000076b000000| Untracked 
|  82|0x000000076b200000, 0x000000076b200000, 0x000000076b400000|  0%| F|  |TAMS 0x000000076b200000, 0x000000076b200000| Untracked 
|  83|0x000000076b400000, 0x000000076b400000, 0x000000076b600000|  0%| F|  |TAMS 0x000000076b400000, 0x000000076b400000| Untracked 
|  84|0x000000076b600000, 0x000000076b600000, 0x000000076b800000|  0%| F|  |TAMS 0x000000076b600000, 0x000000076b600000| Untracked 
|  85|0x000000076b800000, 0x000000076b800000, 0x000000076ba00000|  0%| F|  |TAMS 0x000000076b800000, 0x000000076b800000| Untracked 
|  86|0x000000076ba00000, 0x000000076ba00000, 0x000000076bc00000|  0%| F|  |TAMS 0x000000076ba00000, 0x000000076ba00000| Untracked 
|  87|0x000000076bc00000, 0x000000076bc00000, 0x000000076be00000|  0%| F|  |TAMS 0x000000076bc00000, 0x000000076bc00000| Untracked 
|  88|0x000000076be00000, 0x000000076be00000, 0x000000076c000000|  0%| F|  |TAMS 0x000000076be00000, 0x000000076be00000| Untracked 
|  89|0x000000076c000000, 0x000000076c000000, 0x000000076c200000|  0%| F|  |TAMS 0x000000076c000000, 0x000000076c000000| Untracked 
|  90|0x000000076c200000, 0x000000076c343250, 0x000000076c400000| 63%| E|  |TAMS 0x000000076c200000, 0x000000076c200000| Complete 
|  91|0x000000076c400000, 0x000000076c600000, 0x000000076c600000|100%| E|CS|TAMS 0x000000076c400000, 0x000000076c400000| Complete 
|  92|0x000000076c600000, 0x000000076c800000, 0x000000076c800000|100%| E|CS|TAMS 0x000000076c600000, 0x000000076c600000| Complete 
|  93|0x000000076c800000, 0x000000076ca00000, 0x000000076ca00000|100%| E|CS|TAMS 0x000000076c800000, 0x000000076c800000| Complete 
|  94|0x000000076ca00000, 0x000000076cc00000, 0x000000076cc00000|100%| E|CS|TAMS 0x000000076ca00000, 0x000000076ca00000| Complete 
|  95|0x000000076cc00000, 0x000000076ce00000, 0x000000076ce00000|100%| E|CS|TAMS 0x000000076cc00000, 0x000000076cc00000| Complete 
|  96|0x000000076ce00000, 0x000000076d000000, 0x000000076d000000|100%| E|CS|TAMS 0x000000076ce00000, 0x000000076ce00000| Complete 
|  97|0x000000076d000000, 0x000000076d200000, 0x000000076d200000|100%| E|CS|TAMS 0x000000076d000000, 0x000000076d000000| Complete 
|  98|0x000000076d200000, 0x000000076d400000, 0x000000076d400000|100%| E|CS|TAMS 0x000000076d200000, 0x000000076d200000| Complete 
|  99|0x000000076d400000, 0x000000076d600000, 0x000000076d600000|100%| E|CS|TAMS 0x000000076d400000, 0x000000076d400000| Complete 
| 100|0x000000076d600000, 0x000000076d800000, 0x000000076d800000|100%| E|CS|TAMS 0x000000076d600000, 0x000000076d600000| Complete 
| 101|0x000000076d800000, 0x000000076da00000, 0x000000076da00000|100%| E|CS|TAMS 0x000000076d800000, 0x000000076d800000| Complete 
| 102|0x000000076da00000, 0x000000076dc00000, 0x000000076dc00000|100%| E|CS|TAMS 0x000000076da00000, 0x000000076da00000| Complete 
| 103|0x000000076dc00000, 0x000000076de00000, 0x000000076de00000|100%| E|CS|TAMS 0x000000076dc00000, 0x000000076dc00000| Complete 
| 104|0x000000076de00000, 0x000000076e000000, 0x000000076e000000|100%| E|CS|TAMS 0x000000076de00000, 0x000000076de00000| Complete 
| 105|0x000000076e000000, 0x000000076e200000, 0x000000076e200000|100%| E|CS|TAMS 0x000000076e000000, 0x000000076e000000| Complete 
| 106|0x000000076e200000, 0x000000076e400000, 0x000000076e400000|100%| E|CS|TAMS 0x000000076e200000, 0x000000076e200000| Complete 
| 107|0x000000076e400000, 0x000000076e600000, 0x000000076e600000|100%| E|CS|TAMS 0x000000076e400000, 0x000000076e400000| Complete 
| 108|0x000000076e600000, 0x000000076e800000, 0x000000076e800000|100%| E|CS|TAMS 0x000000076e600000, 0x000000076e600000| Complete 
| 109|0x000000076e800000, 0x000000076ea00000, 0x000000076ea00000|100%| E|CS|TAMS 0x000000076e800000, 0x000000076e800000| Complete 
| 110|0x000000076ea00000, 0x000000076ec00000, 0x000000076ec00000|100%| E|CS|TAMS 0x000000076ea00000, 0x000000076ea00000| Complete 
| 116|0x000000076f600000, 0x000000076f800000, 0x000000076f800000|100%| E|CS|TAMS 0x000000076f600000, 0x000000076f600000| Complete 
| 117|0x000000076f800000, 0x000000076fa00000, 0x000000076fa00000|100%| E|CS|TAMS 0x000000076f800000, 0x000000076f800000| Complete 
| 118|0x000000076fa00000, 0x000000076fc00000, 0x000000076fc00000|100%| E|CS|TAMS 0x000000076fa00000, 0x000000076fa00000| Complete 

Card table byte_map: [0x000001e1b9880000,0x000001e1b9d80000] _byte_map_base: 0x000001e1b5d79000

Marking Bits (Prev, Next): (CMBitMap*) 0x000001e1a2b5a8e0, (CMBitMap*) 0x000001e1a2b5a920
 Prev Bits: [0x000001e1ba280000, 0x000001e1bca48000)
 Next Bits: [0x000001e1bca50000, 0x000001e1bf218000)

Polling page: 0x000001e1a22d0000

Metaspace:

Usage:
  Non-class:     60.12 MB used.
      Class:      9.46 MB used.
       Both:     69.57 MB used.

Virtual space:
  Non-class space:       64.00 MB reserved,      60.38 MB ( 94%) committed,  8 nodes.
      Class space:        1.00 GB reserved,       9.69 MB ( <1%) committed,  1 nodes.
             Both:        1.06 GB reserved,      70.06 MB (  6%) committed. 

Chunk freelists:
   Non-Class:  3.61 MB
       Class:  2.27 MB
        Both:  5.88 MB

MaxMetaspaceSize: unlimited
CompressedClassSpaceSize: 1.00 GB
Initial GC threshold: 21.00 MB
Current GC threshold: 111.50 MB
CDS: on
MetaspaceReclaimPolicy: balanced
 - commit_granule_bytes: 65536.
 - commit_granule_words: 8192.
 - virtual_space_node_default_size: 1048576.
 - enlarge_chunks_in_place: 1.
 - new_chunks_are_fully_committed: 0.
 - uncommit_free_chunks: 1.
 - use_allocation_guard: 0.
 - handle_deallocations: 1.


Internal statistics:

num_allocs_failed_limit: 9.
num_arena_births: 816.
num_arena_deaths: 0.
num_vsnodes_births: 9.
num_vsnodes_deaths: 0.
num_space_committed: 1121.
num_space_uncommitted: 0.
num_chunks_returned_to_freelist: 9.
num_chunks_taken_from_freelist: 3463.
num_chunk_merges: 9.
num_chunk_splits: 2515.
num_chunks_enlarged: 1953.
num_purges: 0.
num_inconsistent_stats: 0.

CodeHeap 'non-profiled nmethods': size=120064Kb used=3250Kb max_used=3250Kb free=116814Kb
 bounds [0x000001e1b1e40000, 0x000001e1b2170000, 0x000001e1b9380000]
CodeHeap 'profiled nmethods': size=120000Kb used=11227Kb max_used=11227Kb free=108772Kb
 bounds [0x000001e1aa380000, 0x000001e1aaea0000, 0x000001e1b18b0000]
CodeHeap 'non-nmethods': size=5696Kb used=1351Kb max_used=1387Kb free=4344Kb
 bounds [0x000001e1b18b0000, 0x000001e1b1b20000, 0x000001e1b1e40000]
 total_blobs=6634 nmethods=5943 adapters=603
 compilation: enabled
              stopped_count=0, restarted_count=0
 full_count=0

Compilation events (20 events):
Event: 46.476 Thread 0x000001e1c14a0120 nmethod 6836 0x000001e1b2169c10 code [0x000001e1b2169d80, 0x000001e1b2169eb8]
Event: 46.495 Thread 0x000001e1c14a0120 6837       4       java.lang.invoke.DirectMethodHandle$Holder::invokeStatic (15 bytes)
Event: 46.500 Thread 0x000001e1c14a0120 nmethod 6837 0x000001e1b2169f90 code [0x000001e1b216a120, 0x000001e1b216a1e8]
Event: 46.526 Thread 0x000001e1c14a0120 6838       4       java.util.Properties$LineReader::readLine (584 bytes)
Event: 46.579 Thread 0x000001e1c150cd60 6840       3       java.lang.invoke.InvokerBytecodeGenerator::classData (170 bytes)
Event: 46.580 Thread 0x000001e1c150cd60 nmethod 6840 0x000001e1aa55f510 code [0x000001e1aa55f7a0, 0x000001e1aa560528]
Event: 46.581 Thread 0x000001e1c150cd60 6841       3       java.lang.invoke.StringConcatFactory::generateMHInlineCopy (622 bytes)
Event: 46.587 Thread 0x000001e1c150cd60 nmethod 6841 0x000001e1aa534010 code [0x000001e1aa5346c0, 0x000001e1aa538af8]
Event: 46.589 Thread 0x000001e1c150cd60 6844       3       java.lang.invoke.BoundMethodHandle::speciesDataFor (32 bytes)
Event: 46.589 Thread 0x000001e1c150cd60 nmethod 6844 0x000001e1aa55ee90 code [0x000001e1aa55f040, 0x000001e1aa55f3f8]
Event: 46.589 Thread 0x000001e1c150cd60 6845       3       java.lang.invoke.LambdaFormBuffer::endEdit (313 bytes)
Event: 46.590 Thread 0x000001e1c150cd60 nmethod 6845 0x000001e1aa55da10 code [0x000001e1aa55dc80, 0x000001e1aa55eab8]
Event: 46.591 Thread 0x000001e1c150cd60 6847       3       java.lang.invoke.LambdaFormBuffer::insertExpression (30 bytes)
Event: 46.591 Thread 0x000001e1c150cd60 nmethod 6847 0x000001e1aa533c10 code [0x000001e1aa533dc0, 0x000001e1aa533f28]
Event: 46.595 Thread 0x000001e1c150cd60 6849       3       java.nio.HeapByteBuffer::put (17 bytes)
Event: 46.595 Thread 0x000001e1c150cd60 nmethod 6849 0x000001e1aa71a010 code [0x000001e1aa71a1c0, 0x000001e1aa71a398]
Event: 46.595 Thread 0x000001e1c150cd60 6850   !   3       org.apache.tomcat.util.http.parser.HttpParser::isControl (9 bytes)
Event: 46.596 Thread 0x000001e1c150cd60 nmethod 6850 0x000001e1aa719c10 code [0x000001e1aa719da0, 0x000001e1aa719f18]
Event: 46.607 Thread 0x000001e1c14a0120 nmethod 6838 0x000001e1b216a610 code [0x000001e1b216a800, 0x000001e1b216bd28]
Event: 46.607 Thread 0x000001e1c14a0120 6839   !   4       java.net.URL::<init> (543 bytes)

GC Heap History (20 events):
Event: 20.826 GC heap before
{Heap before GC invocations=17 (full 0):
 garbage-first heap   total 73728K, used 56332K [0x0000000760e00000, 0x0000000800000000)
  region size 2048K, 17 young (34816K), 3 survivors (6144K)
 Metaspace       used 64902K, committed 65408K, reserved 1105920K
  class space    used 8899K, committed 9152K, reserved 1048576K
}
Event: 20.843 GC heap after
{Heap after GC invocations=18 (full 0):
 garbage-first heap   total 73728K, used 29071K [0x0000000760e00000, 0x0000000800000000)
  region size 2048K, 3 young (6144K), 3 survivors (6144K)
 Metaspace       used 64902K, committed 65408K, reserved 1105920K
  class space    used 8899K, committed 9152K, reserved 1048576K
}
Event: 22.351 GC heap before
{Heap before GC invocations=18 (full 0):
 garbage-first heap   total 73728K, used 55695K [0x0000000760e00000, 0x0000000800000000)
  region size 2048K, 16 young (32768K), 3 survivors (6144K)
 Metaspace       used 67641K, committed 68224K, reserved 1114112K
  class space    used 9238K, committed 9536K, reserved 1048576K
}
Event: 22.371 GC heap after
{Heap after GC invocations=19 (full 0):
 garbage-first heap   total 73728K, used 32797K [0x0000000760e00000, 0x0000000800000000)
  region size 2048K, 2 young (4096K), 2 survivors (4096K)
 Metaspace       used 67641K, committed 68224K, reserved 1114112K
  class space    used 9238K, committed 9536K, reserved 1048576K
}
Event: 23.534 GC heap before
{Heap before GC invocations=19 (full 0):
 garbage-first heap   total 73728K, used 55325K [0x0000000760e00000, 0x0000000800000000)
  region size 2048K, 13 young (26624K), 2 survivors (4096K)
 Metaspace       used 67703K, committed 68288K, reserved 1114112K
  class space    used 9238K, committed 9536K, reserved 1048576K
}
Event: 23.549 GC heap after
{Heap after GC invocations=20 (full 0):
 garbage-first heap   total 73728K, used 36804K [0x0000000760e00000, 0x0000000800000000)
  region size 2048K, 2 young (4096K), 2 survivors (4096K)
 Metaspace       used 67703K, committed 68288K, reserved 1114112K
  class space    used 9238K, committed 9536K, reserved 1048576K
}
Event: 24.655 GC heap before
{Heap before GC invocations=20 (full 0):
 garbage-first heap   total 73728K, used 53188K [0x0000000760e00000, 0x0000000800000000)
  region size 2048K, 11 young (22528K), 2 survivors (4096K)
 Metaspace       used 67894K, committed 68480K, reserved 1114112K
  class space    used 9252K, committed 9536K, reserved 1048576K
}
Event: 24.675 GC heap after
{Heap after GC invocations=21 (full 0):
 garbage-first heap   total 90112K, used 43860K [0x0000000760e00000, 0x0000000800000000)
  region size 2048K, 2 young (4096K), 2 survivors (4096K)
 Metaspace       used 67894K, committed 68480K, reserved 1114112K
  class space    used 9252K, committed 9536K, reserved 1048576K
}
Event: 25.071 GC heap before
{Heap before GC invocations=22 (full 0):
 garbage-first heap   total 90112K, used 62292K [0x0000000760e00000, 0x0000000800000000)
  region size 2048K, 12 young (24576K), 2 survivors (4096K)
 Metaspace       used 67911K, committed 68544K, reserved 1114112K
  class space    used 9252K, committed 9536K, reserved 1048576K
}
Event: 25.092 GC heap after
{Heap after GC invocations=23 (full 0):
 garbage-first heap   total 90112K, used 48493K [0x0000000760e00000, 0x0000000800000000)
  region size 2048K, 2 young (4096K), 2 survivors (4096K)
 Metaspace       used 67911K, committed 68544K, reserved 1114112K
  class space    used 9252K, committed 9536K, reserved 1048576K
}
Event: 25.322 GC heap before
{Heap before GC invocations=23 (full 0):
 garbage-first heap   total 90112K, used 62829K [0x0000000760e00000, 0x0000000800000000)
  region size 2048K, 10 young (20480K), 2 survivors (4096K)
 Metaspace       used 67948K, committed 68544K, reserved 1114112K
  class space    used 9252K, committed 9536K, reserved 1048576K
}
Event: 25.338 GC heap after
{Heap after GC invocations=24 (full 0):
 garbage-first heap   total 90112K, used 54299K [0x0000000760e00000, 0x0000000800000000)
  region size 2048K, 2 young (4096K), 2 survivors (4096K)
 Metaspace       used 67948K, committed 68544K, reserved 1114112K
  class space    used 9252K, committed 9536K, reserved 1048576K
}
Event: 25.538 GC heap before
{Heap before GC invocations=24 (full 0):
 garbage-first heap   total 112640K, used 66587K [0x0000000760e00000, 0x0000000800000000)
  region size 2048K, 8 young (16384K), 2 survivors (4096K)
 Metaspace       used 67949K, committed 68544K, reserved 1114112K
  class space    used 9252K, committed 9536K, reserved 1048576K
}
Event: 25.550 GC heap after
{Heap after GC invocations=25 (full 0):
 garbage-first heap   total 112640K, used 57350K [0x0000000760e00000, 0x0000000800000000)
  region size 2048K, 1 young (2048K), 1 survivors (2048K)
 Metaspace       used 67949K, committed 68544K, reserved 1114112K
  class space    used 9252K, committed 9536K, reserved 1048576K
}
Event: 25.874 GC heap before
{Heap before GC invocations=26 (full 0):
 garbage-first heap   total 112640K, used 81926K [0x0000000760e00000, 0x0000000800000000)
  region size 2048K, 13 young (26624K), 1 survivors (2048K)
 Metaspace       used 67977K, committed 68608K, reserved 1114112K
  class space    used 9252K, committed 9536K, reserved 1048576K
}
Event: 25.892 GC heap after
{Heap after GC invocations=27 (full 0):
 garbage-first heap   total 112640K, used 64117K [0x0000000760e00000, 0x0000000800000000)
  region size 2048K, 2 young (4096K), 2 survivors (4096K)
 Metaspace       used 67977K, committed 68608K, reserved 1114112K
  class space    used 9252K, committed 9536K, reserved 1048576K
}
Event: 25.914 GC heap before
{Heap before GC invocations=27 (full 0):
 garbage-first heap   total 112640K, used 66165K [0x0000000760e00000, 0x0000000800000000)
  region size 2048K, 3 young (6144K), 2 survivors (4096K)
 Metaspace       used 67977K, committed 68608K, reserved 1114112K
  class space    used 9252K, committed 9536K, reserved 1048576K
}
Event: 25.927 GC heap after
{Heap after GC invocations=28 (full 0):
 garbage-first heap   total 112640K, used 56369K [0x0000000760e00000, 0x0000000800000000)
  region size 2048K, 1 young (2048K), 1 survivors (2048K)
 Metaspace       used 67977K, committed 68608K, reserved 1114112K
  class space    used 9252K, committed 9536K, reserved 1048576K
}
Event: 26.243 GC heap before
{Heap before GC invocations=28 (full 0):
 garbage-first heap   total 112640K, used 80945K [0x0000000760e00000, 0x0000000800000000)
  region size 2048K, 14 young (28672K), 1 survivors (2048K)
 Metaspace       used 68040K, committed 68608K, reserved 1114112K
  class space    used 9259K, committed 9536K, reserved 1048576K
}
Event: 26.256 GC heap after
{Heap after GC invocations=29 (full 0):
 garbage-first heap   total 243712K, used 61385K [0x0000000760e00000, 0x0000000800000000)
  region size 2048K, 2 young (4096K), 2 survivors (4096K)
 Metaspace       used 68040K, committed 68608K, reserved 1114112K
  class space    used 9259K, committed 9536K, reserved 1048576K
}

Deoptimization events (20 events):
Event: 27.444 Thread 0x000001e1c2b5e020 Uncommon trap: trap_request=0xfffffff4 fr.pc=0x000001e1b1f5e754 relative=0x0000000000000234
Event: 27.444 Thread 0x000001e1c2b5e020 Uncommon trap: reason=null_check action=make_not_entrant pc=0x000001e1b1f5e754 method=org.springframework.util.ClassUtils.isAssignable(Ljava/lang/Class;Ljava/lang/Class;)Z @ 14 c2
Event: 27.444 Thread 0x000001e1c2b5e020 DEOPT PACKING pc=0x000001e1b1f5e754 sp=0x000000a10e3fd900
Event: 27.444 Thread 0x000001e1c2b5e020 DEOPT UNPACKING pc=0x000001e1b19023a3 sp=0x000000a10e3fd890 mode 2
Event: 27.695 Thread 0x000001e1c2b5e020 Uncommon trap: trap_request=0xffffff54 fr.pc=0x000001e1b1ed9d18 relative=0x0000000000000358
Event: 27.695 Thread 0x000001e1c2b5e020 Uncommon trap: reason=speculate_null_assert action=make_not_entrant pc=0x000001e1b1ed9d18 method=org.springframework.util.ConcurrentReferenceHashMap$Segment.restructureIfNecessary(Z)V @ 41 c2
Event: 27.695 Thread 0x000001e1c2b5e020 DEOPT PACKING pc=0x000001e1b1ed9d18 sp=0x000000a10e3fdf40
Event: 27.695 Thread 0x000001e1c2b5e020 DEOPT UNPACKING pc=0x000001e1b19023a3 sp=0x000000a10e3fdf08 mode 2
Event: 27.742 Thread 0x000001e1c2b5e020 Uncommon trap: trap_request=0xffffff45 fr.pc=0x000001e1b20303cc relative=0x0000000000000a0c
Event: 27.742 Thread 0x000001e1c2b5e020 Uncommon trap: reason=unstable_if action=reinterpret pc=0x000001e1b20303cc method=java.lang.Integer.stringSize(I)I @ 19 c2
Event: 27.742 Thread 0x000001e1c2b5e020 DEOPT PACKING pc=0x000001e1b20303cc sp=0x000000a10e3fd4d0
Event: 27.742 Thread 0x000001e1c2b5e020 DEOPT UNPACKING pc=0x000001e1b19023a3 sp=0x000000a10e3fd418 mode 2
Event: 30.776 Thread 0x000001e1c5855070 DEOPT PACKING pc=0x000001e1aa7207c7 sp=0x000000a10eaff290
Event: 30.776 Thread 0x000001e1c5855070 DEOPT UNPACKING pc=0x000001e1b1902b43 sp=0x000000a10eafe758 mode 0
Event: 30.776 Thread 0x000001e1c5855070 DEOPT PACKING pc=0x000001e1aa7207c7 sp=0x000000a10eaff290
Event: 30.776 Thread 0x000001e1c5855070 DEOPT UNPACKING pc=0x000001e1b1902b43 sp=0x000000a10eafe758 mode 0
Event: 46.474 Thread 0x000001e1c66caeb0 Uncommon trap: trap_request=0xffffff45 fr.pc=0x000001e1b1f25840 relative=0x0000000000000de0
Event: 46.474 Thread 0x000001e1c66caeb0 Uncommon trap: reason=unstable_if action=reinterpret pc=0x000001e1b1f25840 method=java.util.HashMap.putVal(ILjava/lang/Object;Ljava/lang/Object;ZZ)Ljava/lang/Object; @ 236 c2
Event: 46.474 Thread 0x000001e1c66caeb0 DEOPT PACKING pc=0x000001e1b1f25840 sp=0x000000a10f6ff0d0
Event: 46.474 Thread 0x000001e1c66caeb0 DEOPT UNPACKING pc=0x000001e1b19023a3 sp=0x000000a10f6ff068 mode 2

Classes unloaded (0 events):
No events

Classes redefined (0 events):
No events

Internal exceptions (20 events):
Event: 26.070 Thread 0x000001e1c5855070 Exception <a 'sun/nio/fs/WindowsException'{0x0000000767706050}> (0x0000000767706050) 
thrown [s\open\src\hotspot\share\prims\jni.cpp, line 516]
Event: 26.071 Thread 0x000001e1c5855070 Exception <a 'sun/nio/fs/WindowsException'{0x00000007677068d8}> (0x00000007677068d8) 
thrown [s\open\src\hotspot\share\prims\jni.cpp, line 516]
Event: 26.072 Thread 0x000001e1c5855070 Exception <a 'sun/nio/fs/WindowsException'{0x0000000767706b18}> (0x0000000767706b18) 
thrown [s\open\src\hotspot\share\prims\jni.cpp, line 516]
Event: 26.072 Thread 0x000001e1c5855070 Exception <a 'sun/nio/fs/WindowsException'{0x00000007677073c0}> (0x00000007677073c0) 
thrown [s\open\src\hotspot\share\prims\jni.cpp, line 516]
Event: 26.073 Thread 0x000001e1c5855070 Exception <a 'sun/nio/fs/WindowsException'{0x0000000767707620}> (0x0000000767707620) 
thrown [s\open\src\hotspot\share\prims\jni.cpp, line 516]
Event: 26.073 Thread 0x000001e1c5855070 Exception <a 'sun/nio/fs/WindowsException'{0x0000000767707ed8}> (0x0000000767707ed8) 
thrown [s\open\src\hotspot\share\prims\jni.cpp, line 516]
Event: 26.073 Thread 0x000001e1c5855070 Exception <a 'sun/nio/fs/WindowsException'{0x0000000767708148}> (0x0000000767708148) 
thrown [s\open\src\hotspot\share\prims\jni.cpp, line 516]
Event: 26.073 Thread 0x000001e1c5855070 Exception <a 'sun/nio/fs/WindowsException'{0x00000007677089f8}> (0x00000007677089f8) 
thrown [s\open\src\hotspot\share\prims\jni.cpp, line 516]
Event: 26.074 Thread 0x000001e1c5855070 Exception <a 'sun/nio/fs/WindowsException'{0x0000000767708c68}> (0x0000000767708c68) 
thrown [s\open\src\hotspot\share\prims\jni.cpp, line 516]
Event: 26.882 Thread 0x000001e1c2b5e020 Exception <a 'java/lang/NoSuchMethodError'{0x000000076db65628}: 'java.lang.Object java.lang.invoke.DirectMethodHandle$Holder.invokeInterface(java.lang.Object, java.lang.Object, java.lang.Object, java.lang.Object)'> (0x000000076db65628) 
thrown [s\open\src\hotspot\share\interpreter\linkResolver.cpp, line 759]
Event: 27.050 Thread 0x000001e1c2b5e020 Exception <a 'java/lang/NoSuchMethodError'{0x000000076d95acf0}: 'void java.lang.invoke.DirectMethodHandle$Holder.invokeVirtual(java.lang.Object, java.lang.Object, long)'> (0x000000076d95acf0) 
thrown [s\open\src\hotspot\share\interpreter\linkResolver.cpp, line 759]
Event: 27.176 Thread 0x000001e1c2b5e020 Exception <a 'java/lang/NoSuchMethodError'{0x000000076d4e3c00}: 'int java.lang.invoke.DirectMethodHandle$Holder.invokeStaticInit(java.lang.Object, java.lang.Object, java.lang.Object, java.lang.Object)'> (0x000000076d4e3c00) 
thrown [s\open\src\hotspot\share\interpreter\linkResolver.cpp, line 759]
Event: 27.420 Thread 0x000001e1c2b5e020 Exception <a 'java/lang/IncompatibleClassChangeError'{0x000000076d3fa758}: Found class java.lang.Object, but interface was expected> (0x000000076d3fa758) 
thrown [s\open\src\hotspot\share\interpreter\linkResolver.cpp, line 826]
Event: 27.444 Thread 0x000001e1c2b5e020 Implicit null exception at 0x000001e1b1f5e53a to 0x000001e1b1f5e740
Event: 27.706 Thread 0x000001e1c2b5e020 Exception <a 'java/lang/NoSuchMethodError'{0x000000076ca35050}: 'java.lang.Object java.lang.invoke.DirectMethodHandle$Holder.newInvokeSpecial(java.lang.Object, java.lang.Object, int, java.lang.Object, java.lang.Object)'> (0x000000076ca35050) 
thrown [s\open\src\hotspot\share\interpreter\linkResolver.cpp, line 759]
Event: 27.710 Thread 0x000001e1c2b5e020 Exception <a 'java/lang/NoSuchMethodError'{0x000000076ca405d0}: 'java.lang.Object java.lang.invoke.DirectMethodHandle$Holder.invokeSpecial(java.lang.Object, java.lang.Object, int, java.lang.Object, int, java.lang.Object)'> (0x000000076ca405d0) 
thrown [s\open\src\hotspot\share\interpreter\linkResolver.cpp, line 759]
Event: 27.712 Thread 0x000001e1c2b5e020 Exception <a 'java/lang/NoSuchMethodError'{0x000000076ca48680}: 'java.lang.Object java.lang.invoke.DirectMethodHandle$Holder.newInvokeSpecial(java.lang.Object, java.lang.Object, int, java.lang.Object, int)'> (0x000000076ca48680) 
thrown [s\open\src\hotspot\share\interpreter\linkResolver.cpp, line 759]
Event: 27.713 Thread 0x000001e1c2b5e020 Exception <a 'java/lang/NoSuchMethodError'{0x000000076ca4c780}: 'java.lang.Object java.lang.invoke.DirectMethodHandle$Holder.invokeSpecial(java.lang.Object, java.lang.Object, java.lang.Object, int, java.lang.Object, int)'> (0x000000076ca4c780) 
thrown [s\open\src\hotspot\share\interpreter\linkResolver.cpp, line 759]
Event: 46.591 Thread 0x000001e1c66c8d00 Exception <a 'java/lang/NoSuchMethodError'{0x000000076c2e86a0}: 'java.lang.Object java.lang.invoke.DirectMethodHandle$Holder.invokeSpecial(java.lang.Object, java.lang.Object, java.lang.Object, java.lang.Object, java.lang.Object, long)'> (0x000000076c2e86a0) 
thrown [s\open\src\hotspot\share\interpreter\linkResolver.cpp, line 759]
Event: 46.592 Thread 0x000001e1c66c8d00 Exception <a 'java/lang/NoSuchMethodError'{0x000000076c2ec0e0}: 'java.lang.Object java.lang.invoke.Invokers$Holder.linkToTargetMethod(java.lang.Object, java.lang.Object, java.lang.Object, long, java.lang.Object)'> (0x000000076c2ec0e0) 
thrown [s\open\src\hotspot\share\interpreter\linkResolver.cpp, line 759]

VM Operations (20 events):
Event: 26.781 Executing VM operation: HandshakeAllThreads
Event: 26.782 Executing VM operation: HandshakeAllThreads done
Event: 27.097 Executing VM operation: HandshakeAllThreads
Event: 27.097 Executing VM operation: HandshakeAllThreads done
Event: 27.694 Executing VM operation: HandshakeAllThreads
Event: 27.694 Executing VM operation: HandshakeAllThreads done
Event: 27.694 Executing VM operation: Cleanup
Event: 27.694 Executing VM operation: Cleanup done
Event: 27.722 Executing VM operation: HandshakeAllThreads
Event: 27.722 Executing VM operation: HandshakeAllThreads done
Event: 27.724 Executing VM operation: HandshakeAllThreads
Event: 27.725 Executing VM operation: HandshakeAllThreads done
Event: 27.771 Executing VM operation: HandshakeAllThreads
Event: 27.785 Executing VM operation: HandshakeAllThreads done
Event: 28.790 Executing VM operation: Cleanup
Event: 28.790 Executing VM operation: Cleanup done
Event: 29.793 Executing VM operation: Cleanup
Event: 29.793 Executing VM operation: Cleanup done
Event: 32.826 Executing VM operation: Cleanup
Event: 32.826 Executing VM operation: Cleanup done

Events (20 events):
Event: 46.104 loading class sun/nio/ch/SocketOptionRegistry$LazyInitialization
Event: 46.105 loading class sun/nio/ch/SocketOptionRegistry$LazyInitialization done
Event: 46.105 loading class sun/nio/ch/OptionKey
Event: 46.105 loading class sun/nio/ch/OptionKey done
Event: 46.108 loading class sun/nio/ch/SelectionKeyImpl
Event: 46.109 loading class java/nio/channels/spi/AbstractSelectionKey
Event: 46.119 loading class java/nio/channels/SelectionKey
Event: 46.120 loading class java/nio/channels/SelectionKey done
Event: 46.120 loading class java/nio/channels/spi/AbstractSelectionKey done
Event: 46.120 loading class sun/nio/ch/SelectionKeyImpl done
Event: 46.120 loading class java/lang/invoke/ConstantBootstraps
Event: 46.120 loading class java/lang/invoke/ConstantBootstraps done
Event: 46.601 loading class sun/nio/cs/ThreadLocalCoders
Event: 46.601 loading class sun/nio/cs/ThreadLocalCoders done
Event: 46.601 loading class sun/nio/cs/ThreadLocalCoders$1
Event: 46.601 loading class sun/nio/cs/ThreadLocalCoders$Cache
Event: 46.602 loading class sun/nio/cs/ThreadLocalCoders$Cache done
Event: 46.602 loading class sun/nio/cs/ThreadLocalCoders$1 done
Event: 46.603 loading class sun/nio/cs/ThreadLocalCoders$2
Event: 46.604 loading class sun/nio/cs/ThreadLocalCoders$2 done


Dynamic libraries:
0x00007ff671cd0000 - 0x00007ff671ce0000 	C:\Program Files\Java\jdk-17\bin\java.exe
0x00007ffae7390000 - 0x00007ffae75a7000 	C:\WINDOWS\SYSTEM32\ntdll.dll
0x00007ffae6560000 - 0x00007ffae6624000 	C:\WINDOWS\System32\KERNEL32.DLL
0x00007ffae4aa0000 - 0x00007ffae4e46000 	C:\WINDOWS\System32\KERNELBASE.dll
0x00007ffae47a0000 - 0x00007ffae48b1000 	C:\WINDOWS\System32\ucrtbase.dll
0x00007fface750000 - 0x00007fface769000 	C:\Program Files\Java\jdk-17\bin\jli.dll
0x00007ffae69e0000 - 0x00007ffae6a91000 	C:\WINDOWS\System32\ADVAPI32.dll
0x00007ffae5160000 - 0x00007ffae5207000 	C:\WINDOWS\System32\msvcrt.dll
0x00007ffae7200000 - 0x00007ffae72a5000 	C:\WINDOWS\System32\sechost.dll
0x00007ffae6c70000 - 0x00007ffae6d87000 	C:\WINDOWS\System32\RPCRT4.dll
0x00007ffae5970000 - 0x00007ffae5b1e000 	C:\WINDOWS\System32\USER32.dll
0x00007ffae48c0000 - 0x00007ffae48e6000 	C:\WINDOWS\System32\win32u.dll
0x00007ffae6ec0000 - 0x00007ffae6ee9000 	C:\WINDOWS\System32\GDI32.dll
0x00007ffae4e50000 - 0x00007ffae4f68000 	C:\WINDOWS\System32\gdi32full.dll
0x00007ffae4700000 - 0x00007ffae479a000 	C:\WINDOWS\System32\msvcp_win.dll
0x00007ffad0980000 - 0x00007ffad099b000 	C:\Program Files\Java\jdk-17\bin\VCRUNTIME140.dll
0x00007ffad5120000 - 0x00007ffad53b3000 	C:\WINDOWS\WinSxS\amd64_microsoft.windows.common-controls_6595b64144ccf1df_6.0.22621.2506_none_270c5ae97388e100\COMCTL32.dll
0x00007ffadafa0000 - 0x00007ffadafaa000 	C:\WINDOWS\SYSTEM32\VERSION.dll
0x00007ffae6d90000 - 0x00007ffae6dc1000 	C:\WINDOWS\System32\IMM32.DLL
0x00007ffad17c0000 - 0x00007ffad17cc000 	C:\Program Files\Java\jdk-17\bin\vcruntime140_1.dll
0x00007ffac8940000 - 0x00007ffac89ce000 	C:\Program Files\Java\jdk-17\bin\msvcp140.dll
0x00007ffa58740000 - 0x00007ffa5931d000 	C:\Program Files\Java\jdk-17\bin\server\jvm.dll
0x00007ffae6640000 - 0x00007ffae6648000 	C:\WINDOWS\System32\PSAPI.DLL
0x00007ffacad60000 - 0x00007ffacad69000 	C:\WINDOWS\SYSTEM32\WSOCK32.dll
0x00007ffae50e0000 - 0x00007ffae5151000 	C:\WINDOWS\System32\WS2_32.dll
0x00007ffadc3d0000 - 0x00007ffadc404000 	C:\WINDOWS\SYSTEM32\WINMM.dll
0x00007ffae3700000 - 0x00007ffae3718000 	C:\WINDOWS\SYSTEM32\kernel.appcore.dll
0x00007ffad1220000 - 0x00007ffad122a000 	C:\Program Files\Java\jdk-17\bin\jimage.dll
0x00007ffacaa60000 - 0x00007ffacac93000 	C:\WINDOWS\SYSTEM32\DBGHELP.DLL
0x00007ffae6650000 - 0x00007ffae69d9000 	C:\WINDOWS\System32\combase.dll
0x00007ffae5b20000 - 0x00007ffae5bf7000 	C:\WINDOWS\System32\OLEAUT32.dll
0x00007ffaca960000 - 0x00007ffaca992000 	C:\WINDOWS\SYSTEM32\dbgcore.DLL
0x00007ffae4960000 - 0x00007ffae49da000 	C:\WINDOWS\System32\bcryptPrimitives.dll
0x00007ffad4dd0000 - 0x00007ffad4dde000 	C:\Program Files\Java\jdk-17\bin\instrument.dll
0x00007ffacb960000 - 0x00007ffacb985000 	C:\Program Files\Java\jdk-17\bin\java.dll
0x00007ffab7840000 - 0x00007ffab7917000 	C:\Program Files\Java\jdk-17\bin\jsvml.dll
0x00007ffae5d00000 - 0x00007ffae655a000 	C:\WINDOWS\System32\SHELL32.dll
0x00007ffae2620000 - 0x00007ffae2f16000 	C:\WINDOWS\SYSTEM32\windows.storage.dll
0x00007ffae24e0000 - 0x00007ffae261e000 	C:\WINDOWS\SYSTEM32\wintypes.dll
0x00007ffae6ef0000 - 0x00007ffae6fe3000 	C:\WINDOWS\System32\SHCORE.dll
0x00007ffae5480000 - 0x00007ffae54de000 	C:\WINDOWS\System32\shlwapi.dll
0x00007ffae4630000 - 0x00007ffae4656000 	C:\WINDOWS\SYSTEM32\profapi.dll
0x00007ffacb940000 - 0x00007ffacb958000 	C:\Program Files\Java\jdk-17\bin\zip.dll
0x00007fface140000 - 0x00007fface159000 	C:\Program Files\Java\jdk-17\bin\net.dll
0x00007ffadba90000 - 0x00007ffadbbc7000 	C:\WINDOWS\SYSTEM32\WINHTTP.dll
0x00007ffae3b80000 - 0x00007ffae3be9000 	C:\WINDOWS\system32\mswsock.dll
0x00007ffacbb80000 - 0x00007ffacbb96000 	C:\Program Files\Java\jdk-17\bin\nio.dll
0x00007ffad17e0000 - 0x00007ffad17fa000 	D:\IntelliJ IDEA Community Edition 2022.3.1\bin\breakgen64.dll
0x00007ffad17b0000 - 0x00007ffad17ba000 	C:\Program Files\Java\jdk-17\bin\management.dll
0x00007ffad17a0000 - 0x00007ffad17ab000 	C:\Program Files\Java\jdk-17\bin\management_ext.dll
0x00007ffad1780000 - 0x00007ffad178d000 	C:\Program Files\Java\jdk-17\bin\sunmscapi.dll
0x00007ffae4f70000 - 0x00007ffae50d6000 	C:\WINDOWS\System32\CRYPT32.dll
0x00007ffae3f70000 - 0x00007ffae3f9d000 	C:\WINDOWS\SYSTEM32\ncrypt.dll
0x00007ffae3f30000 - 0x00007ffae3f67000 	C:\WINDOWS\SYSTEM32\NTASN1.dll
0x00007ffae3dd0000 - 0x00007ffae3deb000 	C:\WINDOWS\SYSTEM32\CRYPTSP.dll
0x00007ffae3660000 - 0x00007ffae3695000 	C:\WINDOWS\system32\rsaenh.dll
0x00007ffae3c70000 - 0x00007ffae3c9c000 	C:\WINDOWS\SYSTEM32\USERENV.dll
0x00007ffae3fa0000 - 0x00007ffae3fc8000 	C:\WINDOWS\SYSTEM32\bcrypt.dll
0x00007ffae3df0000 - 0x00007ffae3dfc000 	C:\WINDOWS\SYSTEM32\CRYPTBASE.dll
0x00007ffae3180000 - 0x00007ffae31ad000 	C:\WINDOWS\SYSTEM32\IPHLPAPI.DLL
0x00007ffae5960000 - 0x00007ffae5969000 	C:\WINDOWS\System32\NSI.dll
0x00007ffadd420000 - 0x00007ffadd439000 	C:\WINDOWS\SYSTEM32\dhcpcsvc6.DLL
0x00007ffadd380000 - 0x00007ffadd39f000 	C:\WINDOWS\SYSTEM32\dhcpcsvc.DLL
0x00007ffae31f0000 - 0x00007ffae32e9000 	C:\WINDOWS\SYSTEM32\DNSAPI.dll
0x00007ffacb770000 - 0x00007ffacb780000 	C:\Program Files\Java\jdk-17\bin\verify.dll
0x00007ffab1f10000 - 0x00007ffab1f18000 	C:\WINDOWS\system32\wshunix.dll

dbghelp: loaded successfully - version: 4.0.5 - missing functions: none
symbol engine: initialized successfully - sym options: 0x614 - pdb path: .;C:\Program Files\Java\jdk-17\bin;C:\WINDOWS\SYSTEM32;C:\WINDOWS\WinSxS\amd64_microsoft.windows.common-controls_6595b64144ccf1df_6.0.22621.2506_none_270c5ae97388e100;C:\Program Files\Java\jdk-17\bin\server;D:\IntelliJ IDEA Community Edition 2022.3.1\bin

VM Arguments:
jvm_args: -javaagent:D:\IntelliJ IDEA Community Edition 2022.3.1\lib\idea_rt.jar=54173:D:\IntelliJ IDEA Community Edition 2022.3.1\bin -Dfile.encoding=UTF-8 
java_command: com.flutter.project_flutter.ProjectFlutterApplication
java_class_path (initial): D:\back_office_flutter\target\classes;C:\Users\adral\.m2\repository\org\springframework\boot\spring-boot-starter-data-jpa\3.2.1\spring-boot-starter-data-jpa-3.2.1.jar;C:\Users\adral\.m2\repository\org\springframework\boot\spring-boot-starter-aop\3.2.1\spring-boot-starter-aop-3.2.1.jar;C:\Users\adral\.m2\repository\org\aspectj\aspectjweaver\1.9.21\aspectjweaver-1.9.21.jar;C:\Users\adral\.m2\repository\org\springframework\boot\spring-boot-starter-jdbc\3.2.1\spring-boot-starter-jdbc-3.2.1.jar;C:\Users\adral\.m2\repository\com\zaxxer\HikariCP\5.0.1\HikariCP-5.0.1.jar;C:\Users\adral\.m2\repository\org\springframework\spring-jdbc\6.1.2\spring-jdbc-6.1.2.jar;C:\Users\adral\.m2\repository\org\hibernate\orm\hibernate-core\6.4.1.Final\hibernate-core-6.4.1.Final.jar;C:\Users\adral\.m2\repository\jakarta\persistence\jakarta.persistence-api\3.1.0\jakarta.persistence-api-3.1.0.jar;C:\Users\adral\.m2\repository\jakarta\transaction\jakarta.transaction-api\2.0.1\jakarta.transaction-api-2.0.1.jar;C:\Users\adral\.m2\repository\org\jboss\logging\jboss-logging\3.5.3.Final\jboss-logging-3.5.3.Final.jar;C:\Users\adral\.m2\repository\org\hibernate\common\hibernate-commons-annotations\6.0.6.Final\hibernate-commons-annotations-6.0.6.Final.jar;C:\Users\adral\.m2\repository\io\smallrye\jandex\3.1.2\jandex-3.1.2.jar;C:\Users\adral\.m2\repository\com\fasterxml\classmate\1.6.0\classmate-1.6.0.jar;C:\Users\adral\.m2\repository\net\bytebuddy\byte-buddy\1.14.10\byte-buddy-1.14.10.jar;C:\Users\adral\.m2\repository\org\glassfish\jaxb\jaxb-runtime\4.0.4\jaxb-runtime-4.0.4.jar;C:\Users\adral\.m2\repository\org\glassfish\jaxb\jaxb-core\4.0.4\jaxb-core-4.0.4.jar;C:\Users\adral\.m2\repository\org\eclipse\angus\angus-activation\2.0.1\angus-activation-2.0.1.jar;C:\Users\adral\.m2\repository\org\glassfish\jaxb\txw2\4.0.4\txw2-4.0.4.jar;C:\Users\adral\.m2\repository\com\sun\istack\istack-commons-runtime\4.1.2\istack-commons-runtime-4.1.2.jar;C:\Users\adral\.m2\repository\jakarta\in
Launcher Type: SUN_STANDARD

[Global flags]
     intx CICompilerCount                          = 2                                         {product} {ergonomic}
     uint ConcGCThreads                            = 1                                         {product} {ergonomic}
     uint G1ConcRefinementThreads                  = 3                                         {product} {ergonomic}
   size_t G1HeapRegionSize                         = 2097152                                   {product} {ergonomic}
    uintx GCDrainStackTargetSize                   = 64                                        {product} {ergonomic}
   size_t InitialHeapSize                          = 167772160                                 {product} {ergonomic}
   size_t MarkStackSize                            = 4194304                                   {product} {ergonomic}
   size_t MaxHeapSize                              = 2669674496                                {product} {ergonomic}
   size_t MaxNewSize                               = 1600126976                                {product} {ergonomic}
   size_t MinHeapDeltaBytes                        = 2097152                                   {product} {ergonomic}
   size_t MinHeapSize                              = 8388608                                   {product} {ergonomic}
    uintx NonNMethodCodeHeapSize                   = 5826188                                {pd product} {ergonomic}
    uintx NonProfiledCodeHeapSize                  = 122916026                              {pd product} {ergonomic}
    uintx ProfiledCodeHeapSize                     = 122916026                              {pd product} {ergonomic}
    uintx ReservedCodeCacheSize                    = 251658240                              {pd product} {ergonomic}
     bool SegmentedCodeCache                       = true                                      {product} {ergonomic}
   size_t SoftMaxHeapSize                          = 2669674496                             {manageable} {ergonomic}
     bool UseCompressedClassPointers               = true                           {product lp64_product} {ergonomic}
     bool UseCompressedOops                        = true                           {product lp64_product} {ergonomic}
     bool UseG1GC                                  = true                                      {product} {ergonomic}
     bool UseLargePagesIndividualAllocation        = false                                  {pd product} {ergonomic}

Logging:
Log output configuration:
 #0: stdout all=warning uptime,level,tags
 #1: stderr all=off uptime,level,tags

Environment Variables:
JAVA_HOME=C:\Program Files\Java\jdk-17
PATH=C:\Program Files\Common Files\Oracle\Java\javapath;C:\Program Files (x86)\Common Files\Oracle\Java\javapath;C:\ProgramData\Oracle\Java\javapath;C:\Program Files\dotnet\;"C:\Python34\;C:\Python34\Lib\site-pa";C:\Program Files\Microsoft SQL Server\150\Tools\Binn\;C:\Program Files\Microsoft SQL Server\Client SDK\ODBC\170\Tools\Binn\;C:\Flutter\flutter\bin;C:\Windows\System32;C:\Windows\System32\WindowsPowerShell\v1.0;D:\openshift-client-windows;D:\Flutter1\flutter\bin;C:\Program Files\Java\jdk-17;C:\apache-maven-3.9.3\bin;C:\Program Files\Git\cmd;C:\Program Files (x86)\Microsoft SQL Server\160\DTS\Binn\;C:\Program Files\Azure Data Studio\bin;C:\Program Files (x86)\Microsoft SQL Server\160\Tools\Binn\;C:\Program Files\Microsoft SQL Server\160\Tools\Binn\;C:\Program Files\Microsoft SQL Server\160\DTS\Binn\;C:\Program Files\Microsoft SQL Server\130\DTS\Binn\;C:\Program Files\Microsoft SQL Server\140\DTS\Binn\;C:\Program Files\Microsoft SQL Server\150\DTS\Binn\;D:\Program Files\nodejs\;C:\Users\adral\AppData\Local\Programs\Python\Python311\Scripts\;C:\Users\adral\AppData\Local\Programs\Python\Python311\;C:\Users\adral\AppData\Local\Programs\Microsoft VS Code\bin;C:\Users\adral\.dotnet\tools;"C:\Python34\;C:\Python34\Lib\site-pa";C:\Program Files\Git\bin;D:\IntelliJ IDEA Community Edition 2022.3.1\bin;;C:\Windows\System32;C:\Windows\System32\WindowsPowerShell\v1.0;D:\openshift-client-windows;C:\apache-maven-3.9.3\bin;D:\flutter\bin;C:\Program Files\Azure Data Studio\bin;C:\Users\adral\AppData\Roaming\npm;
USERNAME=adral
OS=Windows_NT
PROCESSOR_IDENTIFIER=AMD64 Family 23 Model 24 Stepping 1, AuthenticAMD



---------------  S Y S T E M  ---------------

OS:
 Windows 11 , 64 bit Build 22621 (10.0.22621.2506)
OS uptime: 0 days 11:41 hours

CPU: total 3 (initial active 3) (4 cores per cpu, 2 threads per core) family 23 model 24 stepping 1 microcode 0x0, cx8, cmov, fxsr, ht, mmx, 3dnowpref, sse, sse2, sse3, ssse3, sse4a, sse4.1, sse4.2, popcnt, lzcnt, tsc, tscinvbit, avx, avx2, aes, clmul, bmi1, bmi2, adx, sha, fma, vzeroupper, clflush, clflushopt

Memory: 4k page, system-wide physical 10178M (1147M free)
TotalPageFile size 12379M (AvailPageFile size 0M)
current process WorkingSet (physical memory assigned to process): 321M, peak: 330M
current process commit charge ("private bytes"): 433M, peak: 447M

vm_info: Java HotSpot(TM) 64-Bit Server VM (17.0.7+8-LTS-224) for windows-amd64 JRE (17.0.7+8-LTS-224), built on Feb 28 2023 23:03:02 by "mach5one" with MS VC++ 17.1 (VS2022)

END.
